28.05.2024 19:44:25	Dieses Protokoll enthält Informationen über den Importvorgang eines Schemas in das Projekt "labdesk" auf dem Computer "LAPTOPF" durch den Benutzer "lkoge".
28.05.2024 19:44:26	Der Import des Datenbankschemas wurde gestartet.
28.05.2024 19:44:29	Datenbankanmeldeinformationen werden ermittelt.
28.05.2024 19:44:29	Datenbankoptionen werden ermittelt.
28.05.2024 19:44:29	Option zum Erfassen der generischen datenbankweit gültigen Konfiguration
28.05.2024 19:44:29	Benutzer werden ermittelt.
28.05.2024 19:44:29	Rollen werden ermittelt.
28.05.2024 19:44:29	Anwendungsrollen werden ermittelt.
28.05.2024 19:44:29	Rollenmitgliedschaften werden ermittelt.
28.05.2024 19:44:29	Dateigruppen werden ermittelt.
28.05.2024 19:44:29	Volltextkataloge werden ermittelt.
28.05.2024 19:44:29	Assemblys werden ermittelt.
28.05.2024 19:44:29	Zertifikate werden ermittelt.
28.05.2024 19:44:29	Asymmetrische Schlüssel werden ermittelt.
28.05.2024 19:44:29	Symmetrische Schlüssel werden ermittelt.
28.05.2024 19:44:29	Verschlüsselte symmetrische Schlüssel werden ermittelt.
28.05.2024 19:44:29	Schemas werden ermittelt.
28.05.2024 19:44:29	XML-Schemaauflistungen werden ermittelt.
28.05.2024 19:44:29	Benutzerdefinierte Datentypen werden ermittelt.
28.05.2024 19:44:29	Benutzerdefinierte Typen werden ermittelt.
28.05.2024 19:44:29	Tabellentypen werden ermittelt.
28.05.2024 19:44:29	Eindeutige Schlüssel für Tabellentypen werden ermittelt
28.05.2024 19:44:29	Primärschlüssel für Tabellentypen werden ermittelt.
28.05.2024 19:44:29	Indizes für Tabellentypen werden ermittelt
28.05.2024 19:44:29	CHECK-Einschränkungen für Tabellentypen werden ermittelt.
28.05.2024 19:44:29	DEFAULT-Einschränkungen für Tabellentypen werden ermittelt.
28.05.2024 19:44:29	Partitionsfunktionen werden ermittelt.
28.05.2024 19:44:29	Partitionsschemas werden ermittelt.
28.05.2024 19:44:29	Funktionen werden ermittelt.
28.05.2024 19:44:29	Verschlüsselte Funktionen werden gesammelt.
28.05.2024 19:44:29	Aggregate werden ermittelt.
28.05.2024 19:44:29	Prozeduren werden ermittelt.
28.05.2024 19:44:30	Verschlüsselte Prozeduren werden gesammelt.
28.05.2024 19:44:30	Tabellen werden ermittelt.
28.05.2024 19:44:30	Primärschlüssel werden ermittelt.
28.05.2024 19:44:30	UNIQUE-Einschränkungen werden ermittelt.
28.05.2024 19:44:30	Fremdschlüssel werden ermittelt.
28.05.2024 19:44:30	Standardeinschränkungen werden ermittelt.
28.05.2024 19:44:30	CHECK-Einschränkungen werden ermittelt.
28.05.2024 19:44:30	Sichten werden ermittelt.
28.05.2024 19:44:30	Verschlüsselte Sichten werden gesammelt.
28.05.2024 19:44:30	Indizes werden ermittelt.
28.05.2024 19:44:30	Statistiken werden ermittelt.
28.05.2024 19:44:30	Volltextindex-Stopplisten werden ermittelt.
28.05.2024 19:44:30	Sucheigenschaftenlisten werden ermittelt.
28.05.2024 19:44:30	Sucheigenschaften werden ermittelt.
28.05.2024 19:44:30	Volltextindizes werden ermittelt.
28.05.2024 19:44:30	Columnstore-Indizes werden gesammelt
28.05.2024 19:44:30	Räumliche Indizes werden ermittelt.
28.05.2024 19:44:30	XML-Indizes werden ermittelt.
28.05.2024 19:44:30	Selektive XML-Indexe werden ermittelt.
28.05.2024 19:44:30	Verschlüsselte Trigger werden gesammelt.
28.05.2024 19:44:30	Trigger werden ermittelt.
28.05.2024 19:44:30	Verschlüsselte Trigger und CLR-DDL-Trigger werden ermittelt.
28.05.2024 19:44:30	DDL-Trigger werden ermittelt.
28.05.2024 19:44:30	Edgeeinschränkungen werden erstellt.
28.05.2024 19:44:30	Synonyme werden ermittelt.
28.05.2024 19:44:30	Standardwerte werden ermittelt.
28.05.2024 19:44:30	UDDT-Bindungen für Dateneinschränkungen werden gesammelt.
28.05.2024 19:44:30	Regeln werden ermittelt.
28.05.2024 19:44:30	UDDT-Bindungen für Dateneinschränkungen werden gesammelt.
28.05.2024 19:44:30	Nachrichtentypen werden ermittelt.
28.05.2024 19:44:30	Warteschlangen werden ermittelt.
28.05.2024 19:44:30	Verträge werden ermittelt.
28.05.2024 19:44:30	Dienste werden ermittelt.
28.05.2024 19:44:30	Ereignisbenachrichtigungen werden ermittelt.
28.05.2024 19:44:30	Remotedienstbindungen werden ermittelt.
28.05.2024 19:44:30	Broker-Prioritäten werden ermittelt.
28.05.2024 19:44:30	Signaturen werden ermittelt.
28.05.2024 19:44:30	Komprimierungsoptionen werden gesammelt
28.05.2024 19:44:30	Sequenztypen werden ermittelt.
28.05.2024 19:44:30	Sicherheitsrichtlinien werden ermittelt
28.05.2024 19:44:30	Verschlüsselungsschlüssel für Spalten werden ermittelt
28.05.2024 19:44:30	Hauptschlüssel für Spalten werden ermittelt
28.05.2024 19:44:30	Externe Datenquellen werden gesammelt
28.05.2024 19:44:30	Externe Dateiformate werden gesammelt
28.05.2024 19:44:30	Externe Tabellen werden gesammelt
28.05.2024 19:44:30	Erweiterte Eigenschaften werden ermittelt.
28.05.2024 19:44:30	Assemblys werden ermittelt.
28.05.2024 19:44:31	Das Projekt wird auf doppelte Elemente überprüft.
28.05.2024 19:44:32	Die Verarbeitung doppelter Elemente wurde abgeschlossen.
28.05.2024 19:44:32	Datenbankimport abgeschlossen.
28.05.2024 19:44:32	Eine Zusammenfassung des Importvorgangs wurde an folgendem Ort gespeichert: C:\Users\lkoge\Documents\GitHub\labdesk.be\labdesk\Schemaprotokolle importieren\labdesk_20240528054425.log
28.05.2024 19:44:32	Klicken Sie auf "Fertig stellen", um den Vorgang fortzusetzen...
