15.11.2023 12:17:13	Dieses Protokoll enthält Informationen über den Importvorgang eines Schemas in das Projekt "labdesk" auf dem Computer "LAPTOPF" durch den Benutzer "lkoge".
15.11.2023 12:17:13	Der Import des Datenbankschemas wurde gestartet.
15.11.2023 12:17:16	Datenbankanmeldeinformationen werden ermittelt.
15.11.2023 12:17:16	Datenbankoptionen werden ermittelt.
15.11.2023 12:17:16	Option zum Erfassen der generischen datenbankweit gültigen Konfiguration
15.11.2023 12:17:16	Benutzer werden ermittelt.
15.11.2023 12:17:16	Rollen werden ermittelt.
15.11.2023 12:17:16	Anwendungsrollen werden ermittelt.
15.11.2023 12:17:16	Rollenmitgliedschaften werden ermittelt.
15.11.2023 12:17:16	Dateigruppen werden ermittelt.
15.11.2023 12:17:16	Volltextkataloge werden ermittelt.
15.11.2023 12:17:16	Assemblys werden ermittelt.
15.11.2023 12:17:16	Zertifikate werden ermittelt.
15.11.2023 12:17:16	Asymmetrische Schlüssel werden ermittelt.
15.11.2023 12:17:16	Symmetrische Schlüssel werden ermittelt.
15.11.2023 12:17:16	Verschlüsselte symmetrische Schlüssel werden ermittelt.
15.11.2023 12:17:16	Schemas werden ermittelt.
15.11.2023 12:17:16	XML-Schemaauflistungen werden ermittelt.
15.11.2023 12:17:16	Benutzerdefinierte Datentypen werden ermittelt.
15.11.2023 12:17:16	Benutzerdefinierte Typen werden ermittelt.
15.11.2023 12:17:16	Tabellentypen werden ermittelt.
15.11.2023 12:17:16	Eindeutige Schlüssel für Tabellentypen werden ermittelt
15.11.2023 12:17:16	Primärschlüssel für Tabellentypen werden ermittelt.
15.11.2023 12:17:16	Indizes für Tabellentypen werden ermittelt
15.11.2023 12:17:16	CHECK-Einschränkungen für Tabellentypen werden ermittelt.
15.11.2023 12:17:16	DEFAULT-Einschränkungen für Tabellentypen werden ermittelt.
15.11.2023 12:17:16	Partitionsfunktionen werden ermittelt.
15.11.2023 12:17:16	Partitionsschemas werden ermittelt.
15.11.2023 12:17:16	Funktionen werden ermittelt.
15.11.2023 12:17:16	Verschlüsselte Funktionen werden gesammelt.
15.11.2023 12:17:16	Aggregate werden ermittelt.
15.11.2023 12:17:16	Prozeduren werden ermittelt.
15.11.2023 12:17:16	Verschlüsselte Prozeduren werden gesammelt.
15.11.2023 12:17:16	Tabellen werden ermittelt.
15.11.2023 12:17:16	Primärschlüssel werden ermittelt.
15.11.2023 12:17:16	UNIQUE-Einschränkungen werden ermittelt.
15.11.2023 12:17:16	Fremdschlüssel werden ermittelt.
15.11.2023 12:17:16	Standardeinschränkungen werden ermittelt.
15.11.2023 12:17:16	CHECK-Einschränkungen werden ermittelt.
15.11.2023 12:17:16	Sichten werden ermittelt.
15.11.2023 12:17:16	Verschlüsselte Sichten werden gesammelt.
15.11.2023 12:17:16	Indizes werden ermittelt.
15.11.2023 12:17:16	Statistiken werden ermittelt.
15.11.2023 12:17:16	Volltextindex-Stopplisten werden ermittelt.
15.11.2023 12:17:16	Sucheigenschaftenlisten werden ermittelt.
15.11.2023 12:17:16	Sucheigenschaften werden ermittelt.
15.11.2023 12:17:16	Volltextindizes werden ermittelt.
15.11.2023 12:17:16	Columnstore-Indizes werden gesammelt
15.11.2023 12:17:16	Räumliche Indizes werden ermittelt.
15.11.2023 12:17:16	XML-Indizes werden ermittelt.
15.11.2023 12:17:16	Selektive XML-Indexe werden ermittelt.
15.11.2023 12:17:16	Verschlüsselte Trigger werden gesammelt.
15.11.2023 12:17:16	Trigger werden ermittelt.
15.11.2023 12:17:17	Verschlüsselte Trigger und CLR-DDL-Trigger werden ermittelt.
15.11.2023 12:17:17	DDL-Trigger werden ermittelt.
15.11.2023 12:17:17	Edgeeinschränkungen werden erstellt.
15.11.2023 12:17:17	Synonyme werden ermittelt.
15.11.2023 12:17:17	Standardwerte werden ermittelt.
15.11.2023 12:17:17	UDDT-Bindungen für Dateneinschränkungen werden gesammelt.
15.11.2023 12:17:17	Regeln werden ermittelt.
15.11.2023 12:17:17	UDDT-Bindungen für Dateneinschränkungen werden gesammelt.
15.11.2023 12:17:17	Nachrichtentypen werden ermittelt.
15.11.2023 12:17:17	Warteschlangen werden ermittelt.
15.11.2023 12:17:17	Verträge werden ermittelt.
15.11.2023 12:17:17	Dienste werden ermittelt.
15.11.2023 12:17:17	Ereignisbenachrichtigungen werden ermittelt.
15.11.2023 12:17:17	Remotedienstbindungen werden ermittelt.
15.11.2023 12:17:17	Broker-Prioritäten werden ermittelt.
15.11.2023 12:17:17	Signaturen werden ermittelt.
15.11.2023 12:17:17	Komprimierungsoptionen werden gesammelt
15.11.2023 12:17:17	Sequenztypen werden ermittelt.
15.11.2023 12:17:17	Sicherheitsrichtlinien werden ermittelt
15.11.2023 12:17:17	Verschlüsselungsschlüssel für Spalten werden ermittelt
15.11.2023 12:17:17	Hauptschlüssel für Spalten werden ermittelt
15.11.2023 12:17:17	Externe Datenquellen werden gesammelt
15.11.2023 12:17:17	Externe Dateiformate werden gesammelt
15.11.2023 12:17:17	Externe Tabellen werden gesammelt
15.11.2023 12:17:17	Erweiterte Eigenschaften werden ermittelt.
15.11.2023 12:17:17	Assemblys werden ermittelt.
15.11.2023 12:17:17	Das Projekt wird auf doppelte Elemente überprüft.
15.11.2023 12:17:17	Die Verarbeitung doppelter Elemente wurde abgeschlossen.
15.11.2023 12:17:19	Datenbankimport abgeschlossen.
15.11.2023 12:17:19	Eine Zusammenfassung des Importvorgangs wurde an folgendem Ort gespeichert: C:\Users\lkoge\Documents\LABDESK\labdesk.be\labdesk\Schemaprotokolle importieren\labdesk_20231115111713.log
15.11.2023 12:17:19	Klicken Sie auf "Fertig stellen", um den Vorgang fortzusetzen...
