25.01.2024 18:14:52	Dieses Protokoll enthält Informationen über den Importvorgang eines Schemas in das Projekt "labdesk" auf dem Computer "LAPTOPF" durch den Benutzer "lkoge".
25.01.2024 18:14:52	Der Import des Datenbankschemas wurde gestartet.
25.01.2024 18:14:52	Datenbankanmeldeinformationen werden ermittelt.
25.01.2024 18:14:52	Datenbankoptionen werden ermittelt.
25.01.2024 18:14:52	Option zum Erfassen der generischen datenbankweit gültigen Konfiguration
25.01.2024 18:14:52	Benutzer werden ermittelt.
25.01.2024 18:14:52	Rollen werden ermittelt.
25.01.2024 18:14:52	Anwendungsrollen werden ermittelt.
25.01.2024 18:14:52	Rollenmitgliedschaften werden ermittelt.
25.01.2024 18:14:52	Dateigruppen werden ermittelt.
25.01.2024 18:14:52	Volltextkataloge werden ermittelt.
25.01.2024 18:14:52	Assemblys werden ermittelt.
25.01.2024 18:14:52	Zertifikate werden ermittelt.
25.01.2024 18:14:52	Asymmetrische Schlüssel werden ermittelt.
25.01.2024 18:14:52	Symmetrische Schlüssel werden ermittelt.
25.01.2024 18:14:52	Verschlüsselte symmetrische Schlüssel werden ermittelt.
25.01.2024 18:14:52	Schemas werden ermittelt.
25.01.2024 18:14:52	XML-Schemaauflistungen werden ermittelt.
25.01.2024 18:14:52	Benutzerdefinierte Datentypen werden ermittelt.
25.01.2024 18:14:52	Benutzerdefinierte Typen werden ermittelt.
25.01.2024 18:14:52	Tabellentypen werden ermittelt.
25.01.2024 18:14:52	Eindeutige Schlüssel für Tabellentypen werden ermittelt
25.01.2024 18:14:52	Primärschlüssel für Tabellentypen werden ermittelt.
25.01.2024 18:14:52	Indizes für Tabellentypen werden ermittelt
25.01.2024 18:14:52	CHECK-Einschränkungen für Tabellentypen werden ermittelt.
25.01.2024 18:14:52	DEFAULT-Einschränkungen für Tabellentypen werden ermittelt.
25.01.2024 18:14:52	Partitionsfunktionen werden ermittelt.
25.01.2024 18:14:52	Partitionsschemas werden ermittelt.
25.01.2024 18:14:52	Funktionen werden ermittelt.
25.01.2024 18:14:52	Verschlüsselte Funktionen werden gesammelt.
25.01.2024 18:14:52	Aggregate werden ermittelt.
25.01.2024 18:14:52	Prozeduren werden ermittelt.
25.01.2024 18:14:52	Verschlüsselte Prozeduren werden gesammelt.
25.01.2024 18:14:52	Tabellen werden ermittelt.
25.01.2024 18:14:52	Primärschlüssel werden ermittelt.
25.01.2024 18:14:52	UNIQUE-Einschränkungen werden ermittelt.
25.01.2024 18:14:52	Fremdschlüssel werden ermittelt.
25.01.2024 18:14:52	Standardeinschränkungen werden ermittelt.
25.01.2024 18:14:52	CHECK-Einschränkungen werden ermittelt.
25.01.2024 18:14:52	Sichten werden ermittelt.
25.01.2024 18:14:52	Verschlüsselte Sichten werden gesammelt.
25.01.2024 18:14:52	Indizes werden ermittelt.
25.01.2024 18:14:52	Statistiken werden ermittelt.
25.01.2024 18:14:52	Volltextindex-Stopplisten werden ermittelt.
25.01.2024 18:14:52	Sucheigenschaftenlisten werden ermittelt.
25.01.2024 18:14:52	Sucheigenschaften werden ermittelt.
25.01.2024 18:14:52	Volltextindizes werden ermittelt.
25.01.2024 18:14:52	Columnstore-Indizes werden gesammelt
25.01.2024 18:14:52	Räumliche Indizes werden ermittelt.
25.01.2024 18:14:52	XML-Indizes werden ermittelt.
25.01.2024 18:14:52	Selektive XML-Indexe werden ermittelt.
25.01.2024 18:14:52	Verschlüsselte Trigger werden gesammelt.
25.01.2024 18:14:52	Trigger werden ermittelt.
25.01.2024 18:14:52	Verschlüsselte Trigger und CLR-DDL-Trigger werden ermittelt.
25.01.2024 18:14:52	DDL-Trigger werden ermittelt.
25.01.2024 18:14:52	Edgeeinschränkungen werden erstellt.
25.01.2024 18:14:52	Synonyme werden ermittelt.
25.01.2024 18:14:52	Standardwerte werden ermittelt.
25.01.2024 18:14:52	UDDT-Bindungen für Dateneinschränkungen werden gesammelt.
25.01.2024 18:14:52	Regeln werden ermittelt.
25.01.2024 18:14:52	UDDT-Bindungen für Dateneinschränkungen werden gesammelt.
25.01.2024 18:14:52	Nachrichtentypen werden ermittelt.
25.01.2024 18:14:52	Warteschlangen werden ermittelt.
25.01.2024 18:14:52	Verträge werden ermittelt.
25.01.2024 18:14:52	Dienste werden ermittelt.
25.01.2024 18:14:52	Ereignisbenachrichtigungen werden ermittelt.
25.01.2024 18:14:52	Remotedienstbindungen werden ermittelt.
25.01.2024 18:14:52	Broker-Prioritäten werden ermittelt.
25.01.2024 18:14:52	Signaturen werden ermittelt.
25.01.2024 18:14:52	Komprimierungsoptionen werden gesammelt
25.01.2024 18:14:52	Sequenztypen werden ermittelt.
25.01.2024 18:14:52	Sicherheitsrichtlinien werden ermittelt
25.01.2024 18:14:52	Verschlüsselungsschlüssel für Spalten werden ermittelt
25.01.2024 18:14:52	Hauptschlüssel für Spalten werden ermittelt
25.01.2024 18:14:52	Externe Datenquellen werden gesammelt
25.01.2024 18:14:52	Externe Dateiformate werden gesammelt
25.01.2024 18:14:52	Externe Tabellen werden gesammelt
25.01.2024 18:14:52	Erweiterte Eigenschaften werden ermittelt.
25.01.2024 18:14:53	Assemblys werden ermittelt.
25.01.2024 18:14:54	Das Projekt wird auf doppelte Elemente überprüft.
25.01.2024 18:14:54	Die Verarbeitung doppelter Elemente wurde abgeschlossen.
25.01.2024 18:14:58	Datenbankimport abgeschlossen.
25.01.2024 18:14:58	Eine Zusammenfassung des Importvorgangs wurde an folgendem Ort gespeichert: C:\Users\lkoge\Documents\GitHub\labdesk.be\labdesk\Schemaprotokolle importieren\labdesk_20240125051452.log
25.01.2024 18:14:58	Klicken Sie auf "Fertig stellen", um den Vorgang fortzusetzen...
