25.12.2023 14:39:40	Dieses Protokoll enthält Informationen über den Importvorgang eines Schemas in das Projekt "labdesk" auf dem Computer "LAPTOPF" durch den Benutzer "lkoge".
25.12.2023 14:39:41	Der Import des Datenbankschemas wurde gestartet.
25.12.2023 14:39:44	Datenbankanmeldeinformationen werden ermittelt.
25.12.2023 14:39:44	Datenbankoptionen werden ermittelt.
25.12.2023 14:39:44	Option zum Erfassen der generischen datenbankweit gültigen Konfiguration
25.12.2023 14:39:44	Benutzer werden ermittelt.
25.12.2023 14:39:44	Rollen werden ermittelt.
25.12.2023 14:39:44	Anwendungsrollen werden ermittelt.
25.12.2023 14:39:44	Rollenmitgliedschaften werden ermittelt.
25.12.2023 14:39:44	Dateigruppen werden ermittelt.
25.12.2023 14:39:44	Volltextkataloge werden ermittelt.
25.12.2023 14:39:44	Assemblys werden ermittelt.
25.12.2023 14:39:44	Zertifikate werden ermittelt.
25.12.2023 14:39:44	Asymmetrische Schlüssel werden ermittelt.
25.12.2023 14:39:44	Symmetrische Schlüssel werden ermittelt.
25.12.2023 14:39:44	Verschlüsselte symmetrische Schlüssel werden ermittelt.
25.12.2023 14:39:44	Schemas werden ermittelt.
25.12.2023 14:39:44	XML-Schemaauflistungen werden ermittelt.
25.12.2023 14:39:44	Benutzerdefinierte Datentypen werden ermittelt.
25.12.2023 14:39:44	Benutzerdefinierte Typen werden ermittelt.
25.12.2023 14:39:44	Tabellentypen werden ermittelt.
25.12.2023 14:39:44	Eindeutige Schlüssel für Tabellentypen werden ermittelt
25.12.2023 14:39:44	Primärschlüssel für Tabellentypen werden ermittelt.
25.12.2023 14:39:44	Indizes für Tabellentypen werden ermittelt
25.12.2023 14:39:44	CHECK-Einschränkungen für Tabellentypen werden ermittelt.
25.12.2023 14:39:44	DEFAULT-Einschränkungen für Tabellentypen werden ermittelt.
25.12.2023 14:39:44	Partitionsfunktionen werden ermittelt.
25.12.2023 14:39:44	Partitionsschemas werden ermittelt.
25.12.2023 14:39:44	Funktionen werden ermittelt.
25.12.2023 14:39:44	Verschlüsselte Funktionen werden gesammelt.
25.12.2023 14:39:44	Aggregate werden ermittelt.
25.12.2023 14:39:44	Prozeduren werden ermittelt.
25.12.2023 14:39:45	Verschlüsselte Prozeduren werden gesammelt.
25.12.2023 14:39:45	Tabellen werden ermittelt.
25.12.2023 14:39:45	Primärschlüssel werden ermittelt.
25.12.2023 14:39:45	UNIQUE-Einschränkungen werden ermittelt.
25.12.2023 14:39:45	Fremdschlüssel werden ermittelt.
25.12.2023 14:39:45	Standardeinschränkungen werden ermittelt.
25.12.2023 14:39:45	CHECK-Einschränkungen werden ermittelt.
25.12.2023 14:39:45	Sichten werden ermittelt.
25.12.2023 14:39:45	Verschlüsselte Sichten werden gesammelt.
25.12.2023 14:39:45	Indizes werden ermittelt.
25.12.2023 14:39:45	Statistiken werden ermittelt.
25.12.2023 14:39:45	Volltextindex-Stopplisten werden ermittelt.
25.12.2023 14:39:45	Sucheigenschaftenlisten werden ermittelt.
25.12.2023 14:39:45	Sucheigenschaften werden ermittelt.
25.12.2023 14:39:45	Volltextindizes werden ermittelt.
25.12.2023 14:39:45	Columnstore-Indizes werden gesammelt
25.12.2023 14:39:45	Räumliche Indizes werden ermittelt.
25.12.2023 14:39:45	XML-Indizes werden ermittelt.
25.12.2023 14:39:45	Selektive XML-Indexe werden ermittelt.
25.12.2023 14:39:45	Verschlüsselte Trigger werden gesammelt.
25.12.2023 14:39:45	Trigger werden ermittelt.
25.12.2023 14:39:45	Verschlüsselte Trigger und CLR-DDL-Trigger werden ermittelt.
25.12.2023 14:39:45	DDL-Trigger werden ermittelt.
25.12.2023 14:39:45	Edgeeinschränkungen werden erstellt.
25.12.2023 14:39:45	Synonyme werden ermittelt.
25.12.2023 14:39:45	Standardwerte werden ermittelt.
25.12.2023 14:39:45	UDDT-Bindungen für Dateneinschränkungen werden gesammelt.
25.12.2023 14:39:45	Regeln werden ermittelt.
25.12.2023 14:39:45	UDDT-Bindungen für Dateneinschränkungen werden gesammelt.
25.12.2023 14:39:45	Nachrichtentypen werden ermittelt.
25.12.2023 14:39:45	Warteschlangen werden ermittelt.
25.12.2023 14:39:45	Verträge werden ermittelt.
25.12.2023 14:39:45	Dienste werden ermittelt.
25.12.2023 14:39:45	Ereignisbenachrichtigungen werden ermittelt.
25.12.2023 14:39:45	Remotedienstbindungen werden ermittelt.
25.12.2023 14:39:45	Broker-Prioritäten werden ermittelt.
25.12.2023 14:39:45	Signaturen werden ermittelt.
25.12.2023 14:39:45	Komprimierungsoptionen werden gesammelt
25.12.2023 14:39:45	Sequenztypen werden ermittelt.
25.12.2023 14:39:45	Sicherheitsrichtlinien werden ermittelt
25.12.2023 14:39:45	Verschlüsselungsschlüssel für Spalten werden ermittelt
25.12.2023 14:39:45	Hauptschlüssel für Spalten werden ermittelt
25.12.2023 14:39:45	Externe Datenquellen werden gesammelt
25.12.2023 14:39:45	Externe Dateiformate werden gesammelt
25.12.2023 14:39:45	Externe Tabellen werden gesammelt
25.12.2023 14:39:45	Erweiterte Eigenschaften werden ermittelt.
25.12.2023 14:39:45	Assemblys werden ermittelt.
25.12.2023 14:39:45	Anmeldeinformationen werden ermittelt.
25.12.2023 14:39:45	Anmeldungen werden ermittelt.
25.12.2023 14:39:45	Serverüberwachungen werden ermittelt.
25.12.2023 14:39:46	Das Projekt wird auf doppelte Elemente überprüft.
25.12.2023 14:39:46	Die Verarbeitung doppelter Elemente wurde abgeschlossen.
25.12.2023 14:39:47	Datenbankimport abgeschlossen.
25.12.2023 14:39:47	Eine Zusammenfassung des Importvorgangs wurde an folgendem Ort gespeichert: C:\Users\lkoge\Documents\LABDESK\labdesk.be\labdesk\Schemaprotokolle importieren\labdesk_20231225013940.log
25.12.2023 14:39:47	Klicken Sie auf "Fertig stellen", um den Vorgang fortzusetzen...
