12.01.2024 17:02:56	Dieses Protokoll enthält Informationen über den Importvorgang eines Schemas in das Projekt "labdesk" auf dem Computer "LAPTOPF" durch den Benutzer "lkoge".
12.01.2024 17:02:57	Der Import des Datenbankschemas wurde gestartet.
12.01.2024 17:02:57	Datenbankanmeldeinformationen werden ermittelt.
12.01.2024 17:02:57	Datenbankoptionen werden ermittelt.
12.01.2024 17:02:57	Option zum Erfassen der generischen datenbankweit gültigen Konfiguration
12.01.2024 17:02:57	Benutzer werden ermittelt.
12.01.2024 17:02:57	Rollen werden ermittelt.
12.01.2024 17:02:57	Anwendungsrollen werden ermittelt.
12.01.2024 17:02:57	Rollenmitgliedschaften werden ermittelt.
12.01.2024 17:02:57	Dateigruppen werden ermittelt.
12.01.2024 17:02:57	Volltextkataloge werden ermittelt.
12.01.2024 17:02:57	Assemblys werden ermittelt.
12.01.2024 17:02:57	Zertifikate werden ermittelt.
12.01.2024 17:02:57	Asymmetrische Schlüssel werden ermittelt.
12.01.2024 17:02:57	Symmetrische Schlüssel werden ermittelt.
12.01.2024 17:02:57	Verschlüsselte symmetrische Schlüssel werden ermittelt.
12.01.2024 17:02:57	Schemas werden ermittelt.
12.01.2024 17:02:57	XML-Schemaauflistungen werden ermittelt.
12.01.2024 17:02:57	Benutzerdefinierte Datentypen werden ermittelt.
12.01.2024 17:02:57	Benutzerdefinierte Typen werden ermittelt.
12.01.2024 17:02:57	Tabellentypen werden ermittelt.
12.01.2024 17:02:57	Eindeutige Schlüssel für Tabellentypen werden ermittelt
12.01.2024 17:02:57	Primärschlüssel für Tabellentypen werden ermittelt.
12.01.2024 17:02:57	Indizes für Tabellentypen werden ermittelt
12.01.2024 17:02:57	CHECK-Einschränkungen für Tabellentypen werden ermittelt.
12.01.2024 17:02:57	DEFAULT-Einschränkungen für Tabellentypen werden ermittelt.
12.01.2024 17:02:57	Partitionsfunktionen werden ermittelt.
12.01.2024 17:02:58	Partitionsschemas werden ermittelt.
12.01.2024 17:02:58	Funktionen werden ermittelt.
12.01.2024 17:02:58	Verschlüsselte Funktionen werden gesammelt.
12.01.2024 17:02:58	Aggregate werden ermittelt.
12.01.2024 17:02:58	Prozeduren werden ermittelt.
12.01.2024 17:02:58	Verschlüsselte Prozeduren werden gesammelt.
12.01.2024 17:02:58	Tabellen werden ermittelt.
12.01.2024 17:02:58	Primärschlüssel werden ermittelt.
12.01.2024 17:02:58	UNIQUE-Einschränkungen werden ermittelt.
12.01.2024 17:02:58	Fremdschlüssel werden ermittelt.
12.01.2024 17:02:58	Standardeinschränkungen werden ermittelt.
12.01.2024 17:02:58	CHECK-Einschränkungen werden ermittelt.
12.01.2024 17:02:58	Sichten werden ermittelt.
12.01.2024 17:02:58	Verschlüsselte Sichten werden gesammelt.
12.01.2024 17:02:58	Indizes werden ermittelt.
12.01.2024 17:02:58	Statistiken werden ermittelt.
12.01.2024 17:02:58	Volltextindex-Stopplisten werden ermittelt.
12.01.2024 17:02:58	Sucheigenschaftenlisten werden ermittelt.
12.01.2024 17:02:58	Sucheigenschaften werden ermittelt.
12.01.2024 17:02:58	Volltextindizes werden ermittelt.
12.01.2024 17:02:58	Columnstore-Indizes werden gesammelt
12.01.2024 17:02:58	Räumliche Indizes werden ermittelt.
12.01.2024 17:02:58	XML-Indizes werden ermittelt.
12.01.2024 17:02:58	Selektive XML-Indexe werden ermittelt.
12.01.2024 17:02:58	Verschlüsselte Trigger werden gesammelt.
12.01.2024 17:02:58	Trigger werden ermittelt.
12.01.2024 17:02:59	Verschlüsselte Trigger und CLR-DDL-Trigger werden ermittelt.
12.01.2024 17:02:59	DDL-Trigger werden ermittelt.
12.01.2024 17:02:59	Edgeeinschränkungen werden erstellt.
12.01.2024 17:02:59	Synonyme werden ermittelt.
12.01.2024 17:02:59	Standardwerte werden ermittelt.
12.01.2024 17:02:59	UDDT-Bindungen für Dateneinschränkungen werden gesammelt.
12.01.2024 17:02:59	Regeln werden ermittelt.
12.01.2024 17:02:59	UDDT-Bindungen für Dateneinschränkungen werden gesammelt.
12.01.2024 17:02:59	Nachrichtentypen werden ermittelt.
12.01.2024 17:02:59	Warteschlangen werden ermittelt.
12.01.2024 17:02:59	Verträge werden ermittelt.
12.01.2024 17:02:59	Dienste werden ermittelt.
12.01.2024 17:02:59	Ereignisbenachrichtigungen werden ermittelt.
12.01.2024 17:02:59	Remotedienstbindungen werden ermittelt.
12.01.2024 17:02:59	Broker-Prioritäten werden ermittelt.
12.01.2024 17:02:59	Signaturen werden ermittelt.
12.01.2024 17:02:59	Komprimierungsoptionen werden gesammelt
12.01.2024 17:02:59	Sequenztypen werden ermittelt.
12.01.2024 17:02:59	Sicherheitsrichtlinien werden ermittelt
12.01.2024 17:02:59	Verschlüsselungsschlüssel für Spalten werden ermittelt
12.01.2024 17:02:59	Hauptschlüssel für Spalten werden ermittelt
12.01.2024 17:02:59	Externe Datenquellen werden gesammelt
12.01.2024 17:02:59	Externe Dateiformate werden gesammelt
12.01.2024 17:02:59	Externe Tabellen werden gesammelt
12.01.2024 17:02:59	Erweiterte Eigenschaften werden ermittelt.
12.01.2024 17:02:59	Assemblys werden ermittelt.
12.01.2024 17:02:59	Das Projekt wird auf doppelte Elemente überprüft.
12.01.2024 17:02:59	Die Verarbeitung doppelter Elemente wurde abgeschlossen.
12.01.2024 17:03:01	Datenbankimport abgeschlossen.
12.01.2024 17:03:01	Eine Zusammenfassung des Importvorgangs wurde an folgendem Ort gespeichert: C:\Users\lkoge\Documents\LABDESK\labdesk.be\labdesk\Schemaprotokolle importieren\labdesk_20240112040256.log
12.01.2024 17:03:01	Klicken Sie auf "Fertig stellen", um den Vorgang fortzusetzen...
